[2020-08-26 00:31:41,601] I kiwoom.py | Kiwoom-__init__-0020 I DEBUG    > Kiwoom() class start.
[2020-08-26 00:32:45,213] I kiwoom.py | Kiwoom-login_slot-0119 I DEBUG    > 정상처리
[2020-08-26 00:32:45,214] I kiwoom.py | Kiwoom-get_account_info-0130 I DEBUG    > 계좌번호 : 8138795411
[2020-08-26 00:32:47,887] I kiwoom.py | Kiwoom-msg_slot-0808 I DEBUG    > 스크린: 2000, 요청이름: 예수금상세현황요청, tr코드: opw00001 --- [00Z310] 모의투자 조회가 완료되었습니다
[2020-08-26 00:32:47,889] I kiwoom.py | Kiwoom-trdata_slot-0175 I DEBUG    > 예수금 : 17432770
[2020-08-26 00:32:48,005] I kiwoom.py | Kiwoom-msg_slot-0808 I DEBUG    > 스크린: 2000, 요청이름: 계좌평가잔고내역요청, tr코드: opw00018 --- [00Z312] 모의투자 조회가 계속됩니다. 계속조회시 다음키를 누르십시오
[2020-08-26 00:32:48,007] I kiwoom.py | Kiwoom-trdata_slot-0190 I DEBUG    > 계좌평가잔고내역요청 싱글데이터 : 000000082279350 - 000000011490523 - 000000013.97
[2020-08-26 00:32:48,007] I kiwoom.py | Kiwoom-trdata_slot-0207 I DEBUG    > 종목코드: 000080 - 종목명: 하이트진로                               - 보유수량: 000000000000010 - 매입가:000000000044055 - 수익률: -00000012.35 - 현재가: 000000039000
[2020-08-26 00:32:48,008] I kiwoom.py | Kiwoom-trdata_slot-0207 I DEBUG    > 종목코드: 000660 - 종목명: SK하이닉스                               - 보유수량: 000000000000010 - 매입가:000000000085000 - 수익률: -00000010.30 - 현재가: 000000077000
[2020-08-26 00:32:48,008] I kiwoom.py | Kiwoom-trdata_slot-0207 I DEBUG    > 종목코드: 003000 - 종목명: 부광약품                                 - 보유수량: 000000000000010 - 매입가:000000000034305 - 수익률: 000000010.05 - 현재가: 000000038100
[2020-08-26 00:32:48,009] I kiwoom.py | Kiwoom-trdata_slot-0207 I DEBUG    > 종목코드: 003490 - 종목명: 대한항공                                 - 보유수량: 000000000000020 - 매입가:000000000017450 - 수익률: 000000003.32 - 현재가: 000000018200
[2020-08-26 00:32:48,009] I kiwoom.py | Kiwoom-trdata_slot-0207 I DEBUG    > 종목코드: 004370 - 종목명: 농심                                     - 보유수량: 000000000000010 - 매입가:000000000376500 - 수익률: -00000004.91 - 현재가: 000000361500
[2020-08-26 00:32:48,009] I kiwoom.py | Kiwoom-trdata_slot-0207 I DEBUG    > 종목코드: 005360 - 종목명: 모나미                                   - 보유수량: 000000000000010 - 매입가:000000000005390 - 수익률: 000000025.82 - 현재가: 000000006840
[2020-08-26 00:32:48,010] I kiwoom.py | Kiwoom-trdata_slot-0207 I DEBUG    > 종목코드: 005380 - 종목명: 현대차                                   - 보유수량: 000000000000020 - 매입가:000000000098150 - 수익률: 000000067.76 - 현재가: 000000166000
[2020-08-26 00:32:48,010] I kiwoom.py | Kiwoom-trdata_slot-0207 I DEBUG    > 종목코드: 005490 - 종목명: POSCO                                    - 보유수량: 000000000000020 - 매입가:000000000177250 - 수익률: 000000012.09 - 현재가: 000000200500
[2020-08-26 00:32:48,010] I kiwoom.py | Kiwoom-trdata_slot-0207 I DEBUG    > 종목코드: 005690 - 종목명: 파미셀                                   - 보유수량: 000000000000011 - 매입가:000000000018750 - 수익률: 000000018.14 - 현재가: 000000022350
[2020-08-26 00:32:48,011] I kiwoom.py | Kiwoom-trdata_slot-0207 I DEBUG    > 종목코드: 005930 - 종목명: 삼성전자                                 - 보유수량: 000000000000100 - 매입가:000000000053000 - 수익률: 000000005.43 - 현재가: 000000056400
[2020-08-26 00:32:48,011] I kiwoom.py | Kiwoom-trdata_slot-0207 I DEBUG    > 종목코드: 007570 - 종목명: 일양약품                                 - 보유수량: 000000000000010 - 매입가:000000000064300 - 수익률: 000000021.62 - 현재가: 000000078900
[2020-08-26 00:32:48,012] I kiwoom.py | Kiwoom-trdata_slot-0207 I DEBUG    > 종목코드: 008770 - 종목명: 호텔신라                                 - 보유수량: 000000000000010 - 매입가:000000000066800 - 수익률: 000000006.19 - 현재가: 000000071600
[2020-08-26 00:32:48,012] I kiwoom.py | Kiwoom-trdata_slot-0207 I DEBUG    > 종목코드: 009150 - 종목명: 삼성전기                                 - 보유수량: 000000000000010 - 매입가:000000000130000 - 수익률: -00000000.57 - 현재가: 000000130500
[2020-08-26 00:32:48,012] I kiwoom.py | Kiwoom-trdata_slot-0207 I DEBUG    > 종목코드: 012330 - 종목명: 현대모비스                               - 보유수량: 000000000000010 - 매입가:000000000192650 - 수익률: 000000012.90 - 현재가: 000000219500
[2020-08-26 00:32:48,013] I kiwoom.py | Kiwoom-trdata_slot-0207 I DEBUG    > 종목코드: 017670 - 종목명: SK텔레콤                                 - 보유수량: 000000000000010 - 매입가:000000000206000 - 수익률: 000000019.07 - 현재가: 000000247500
[2020-08-26 00:32:48,020] I kiwoom.py | Kiwoom-trdata_slot-0207 I DEBUG    > 종목코드: 018260 - 종목명: 삼성에스디에스                           - 보유수량: 000000000000012 - 매입가:000000000172000 - 수익률: -00000007.02 - 현재가: 000000161500
[2020-08-26 00:32:48,021] I kiwoom.py | Kiwoom-trdata_slot-0207 I DEBUG    > 종목코드: 020560 - 종목명: 아시아나항공                             - 보유수량: 000000000000010 - 매입가:000000000003810 - 수익률: 000000007.03 - 현재가: 000000004115
[2020-08-26 00:32:48,021] I kiwoom.py | Kiwoom-trdata_slot-0207 I DEBUG    > 종목코드: 028260 - 종목명: 삼성물산                                 - 보유수량: 000000000000010 - 매입가:000000000118000 - 수익률: -00000000.95 - 현재가: 000000118000
[2020-08-26 00:32:48,023] I kiwoom.py | Kiwoom-trdata_slot-0207 I DEBUG    > 종목코드: 034730 - 종목명: SK                                       - 보유수량: 000000000000010 - 매입가:000000000291500 - 수익률: -00000024.65 - 현재가: 000000222000
[2020-08-26 00:32:48,024] I kiwoom.py | Kiwoom-trdata_slot-0207 I DEBUG    > 종목코드: 035420 - 종목명: NAVER                                    - 보유수량: 000000000000010 - 매입가:000000000267500 - 수익률: 000000020.42 - 현재가: 000000325000
[2020-08-26 00:32:48,024] I kiwoom.py | Kiwoom-trdata_slot-0230 I DEBUG    > sPreNext : 2
[2020-08-26 00:32:48,096] I kiwoom.py | Kiwoom-msg_slot-0808 I DEBUG    > 스크린: 2000, 요청이름: 계좌평가잔고내역요청, tr코드: opw00018 --- [00Z310] 모의투자 조회가 완료되었습니다
[2020-08-26 00:32:48,098] I kiwoom.py | Kiwoom-trdata_slot-0190 I DEBUG    > 계좌평가잔고내역요청 싱글데이터 : 000000082279350 - 000000011490523 - 000000013.97
[2020-08-26 00:32:48,099] I kiwoom.py | Kiwoom-trdata_slot-0207 I DEBUG    > 종목코드: 035720 - 종목명: 카카오                                   - 보유수량: 000000000000020 - 매입가:000000000272000 - 수익률: 000000038.88 - 현재가: 000000381000
[2020-08-26 00:32:48,099] I kiwoom.py | Kiwoom-trdata_slot-0207 I DEBUG    > 종목코드: 036570 - 종목명: 엔씨소프트                               - 보유수량: 000000000000010 - 매입가:000000000913000 - 수익률: -00000010.42 - 현재가: 000000826000
[2020-08-26 00:32:48,100] I kiwoom.py | Kiwoom-trdata_slot-0207 I DEBUG    > 종목코드: 051900 - 종목명: LG생활건강                               - 보유수량: 000000000000010 - 매입가:000000001303200 - 수익률: 000000017.04 - 현재가: 000001539000
[2020-08-26 00:32:48,100] I kiwoom.py | Kiwoom-trdata_slot-0207 I DEBUG    > 종목코드: 051910 - 종목명: LG화학                                   - 보유수량: 000000000000010 - 매입가:000000000495000 - 수익률: 000000042.83 - 현재가: 000000713000
[2020-08-26 00:32:48,101] I kiwoom.py | Kiwoom-trdata_slot-0207 I DEBUG    > 종목코드: 060250 - 종목명: NHN한국사이버결제                        - 보유수량: 000000000000030 - 매입가:000000000049350 - 수익률: 000000038.43 - 현재가: 000000068900
[2020-08-26 00:32:48,101] I kiwoom.py | Kiwoom-trdata_slot-0207 I DEBUG    > 종목코드: 068270 - 종목명: 셀트리온                                 - 보유수량: 000000000000010 - 매입가:000000000319950 - 수익률: -00000005.13 - 현재가: 000000306500
[2020-08-26 00:32:48,101] I kiwoom.py | Kiwoom-trdata_slot-0207 I DEBUG    > 종목코드: 091990 - 종목명: 셀트리온헬스케어                         - 보유수량: 000000000000010 - 매입가:000000000114200 - 수익률: -00000010.26 - 현재가: 000000103500
[2020-08-26 00:32:48,102] I kiwoom.py | Kiwoom-trdata_slot-0207 I DEBUG    > 종목코드: 096770 - 종목명: SK이노베이션                             - 보유수량: 000000000000010 - 매입가:000000000133500 - 수익률: 000000021.39 - 현재가: 000000163500
[2020-08-26 00:32:48,102] I kiwoom.py | Kiwoom-trdata_slot-0207 I DEBUG    > 종목코드: 139480 - 종목명: 이마트                                   - 보유수량: 000000000000010 - 매입가:000000000105000 - 수익률: 000000012.78 - 현재가: 000000119500
[2020-08-26 00:32:48,103] I kiwoom.py | Kiwoom-trdata_slot-0207 I DEBUG    > 종목코드: 207940 - 종목명: 삼성바이오로직스                         - 보유수량: 000000000000010 - 매입가:000000000800000 - 수익률: 000000000.91 - 현재가: 000000815000
[2020-08-26 00:32:48,103] I kiwoom.py | Kiwoom-trdata_slot-0207 I DEBUG    > 종목코드: 285130 - 종목명: SK케미칼                                 - 보유수량: 000000000000010 - 매입가:000000000123500 - 수익률: 000000234.87 - 현재가: 000000416500
[2020-08-26 00:32:48,104] I kiwoom.py | Kiwoom-trdata_slot-0230 I DEBUG    > sPreNext : 
[2020-08-26 00:32:53,181] I kiwoom.py | Kiwoom-msg_slot-0808 I DEBUG    > 스크린: , 요청이름: , tr코드:  ---  조회가 완료되었습니다.
[2020-08-26 00:35:04,937] I kiwoom.py | Kiwoom-__init__-0020 I DEBUG    > Kiwoom() class start.
[2020-08-26 00:35:32,265] I kiwoom.py | Kiwoom-login_slot-0119 I DEBUG    > 정상처리
[2020-08-26 00:35:32,265] I kiwoom.py | Kiwoom-get_account_info-0130 I DEBUG    > 계좌번호 : 8138795411
[2020-08-26 00:35:34,595] I kiwoom.py | Kiwoom-msg_slot-0808 I DEBUG    > 스크린: 2000, 요청이름: 예수금상세현황요청, tr코드: opw00001 --- [00Z310] 모의투자 조회가 완료되었습니다
[2020-08-26 00:35:34,596] I kiwoom.py | Kiwoom-trdata_slot-0175 I DEBUG    > 예수금 : 17432770
[2020-08-26 00:35:34,702] I kiwoom.py | Kiwoom-msg_slot-0808 I DEBUG    > 스크린: 2000, 요청이름: 계좌평가잔고내역요청, tr코드: opw00018 --- [00Z312] 모의투자 조회가 계속됩니다. 계속조회시 다음키를 누르십시오
[2020-08-26 00:35:34,704] I kiwoom.py | Kiwoom-trdata_slot-0190 I DEBUG    > 계좌평가잔고내역요청 싱글데이터 : 000000082279350 - 000000011490523 - 000000013.97
[2020-08-26 00:35:34,705] I kiwoom.py | Kiwoom-trdata_slot-0207 I DEBUG    > 종목코드: 000080 - 종목명: 하이트진로                               - 보유수량: 000000000000010 - 매입가:000000000044055 - 수익률: -00000012.35 - 현재가: 000000039000
[2020-08-26 00:35:34,705] I kiwoom.py | Kiwoom-trdata_slot-0207 I DEBUG    > 종목코드: 000660 - 종목명: SK하이닉스                               - 보유수량: 000000000000010 - 매입가:000000000085000 - 수익률: -00000010.30 - 현재가: 000000077000
[2020-08-26 00:35:34,706] I kiwoom.py | Kiwoom-trdata_slot-0207 I DEBUG    > 종목코드: 003000 - 종목명: 부광약품                                 - 보유수량: 000000000000010 - 매입가:000000000034305 - 수익률: 000000010.05 - 현재가: 000000038100
[2020-08-26 00:35:34,707] I kiwoom.py | Kiwoom-trdata_slot-0207 I DEBUG    > 종목코드: 003490 - 종목명: 대한항공                                 - 보유수량: 000000000000020 - 매입가:000000000017450 - 수익률: 000000003.32 - 현재가: 000000018200
[2020-08-26 00:35:34,708] I kiwoom.py | Kiwoom-trdata_slot-0207 I DEBUG    > 종목코드: 004370 - 종목명: 농심                                     - 보유수량: 000000000000010 - 매입가:000000000376500 - 수익률: -00000004.91 - 현재가: 000000361500
[2020-08-26 00:35:34,709] I kiwoom.py | Kiwoom-trdata_slot-0207 I DEBUG    > 종목코드: 005360 - 종목명: 모나미                                   - 보유수량: 000000000000010 - 매입가:000000000005390 - 수익률: 000000025.82 - 현재가: 000000006840
[2020-08-26 00:35:34,710] I kiwoom.py | Kiwoom-trdata_slot-0207 I DEBUG    > 종목코드: 005380 - 종목명: 현대차                                   - 보유수량: 000000000000020 - 매입가:000000000098150 - 수익률: 000000067.76 - 현재가: 000000166000
[2020-08-26 00:35:34,711] I kiwoom.py | Kiwoom-trdata_slot-0207 I DEBUG    > 종목코드: 005490 - 종목명: POSCO                                    - 보유수량: 000000000000020 - 매입가:000000000177250 - 수익률: 000000012.09 - 현재가: 000000200500
[2020-08-26 00:35:34,712] I kiwoom.py | Kiwoom-trdata_slot-0207 I DEBUG    > 종목코드: 005690 - 종목명: 파미셀                                   - 보유수량: 000000000000011 - 매입가:000000000018750 - 수익률: 000000018.14 - 현재가: 000000022350
[2020-08-26 00:35:34,713] I kiwoom.py | Kiwoom-trdata_slot-0207 I DEBUG    > 종목코드: 005930 - 종목명: 삼성전자                                 - 보유수량: 000000000000100 - 매입가:000000000053000 - 수익률: 000000005.43 - 현재가: 000000056400
[2020-08-26 00:35:34,715] I kiwoom.py | Kiwoom-trdata_slot-0207 I DEBUG    > 종목코드: 007570 - 종목명: 일양약품                                 - 보유수량: 000000000000010 - 매입가:000000000064300 - 수익률: 000000021.62 - 현재가: 000000078900
[2020-08-26 00:35:34,716] I kiwoom.py | Kiwoom-trdata_slot-0207 I DEBUG    > 종목코드: 008770 - 종목명: 호텔신라                                 - 보유수량: 000000000000010 - 매입가:000000000066800 - 수익률: 000000006.19 - 현재가: 000000071600
[2020-08-26 00:35:34,717] I kiwoom.py | Kiwoom-trdata_slot-0207 I DEBUG    > 종목코드: 009150 - 종목명: 삼성전기                                 - 보유수량: 000000000000010 - 매입가:000000000130000 - 수익률: -00000000.57 - 현재가: 000000130500
[2020-08-26 00:35:34,718] I kiwoom.py | Kiwoom-trdata_slot-0207 I DEBUG    > 종목코드: 012330 - 종목명: 현대모비스                               - 보유수량: 000000000000010 - 매입가:000000000192650 - 수익률: 000000012.90 - 현재가: 000000219500
[2020-08-26 00:35:34,726] I kiwoom.py | Kiwoom-trdata_slot-0207 I DEBUG    > 종목코드: 017670 - 종목명: SK텔레콤                                 - 보유수량: 000000000000010 - 매입가:000000000206000 - 수익률: 000000019.07 - 현재가: 000000247500
[2020-08-26 00:35:34,727] I kiwoom.py | Kiwoom-trdata_slot-0207 I DEBUG    > 종목코드: 018260 - 종목명: 삼성에스디에스                           - 보유수량: 000000000000012 - 매입가:000000000172000 - 수익률: -00000007.02 - 현재가: 000000161500
[2020-08-26 00:35:34,729] I kiwoom.py | Kiwoom-trdata_slot-0207 I DEBUG    > 종목코드: 020560 - 종목명: 아시아나항공                             - 보유수량: 000000000000010 - 매입가:000000000003810 - 수익률: 000000007.03 - 현재가: 000000004115
[2020-08-26 00:35:34,730] I kiwoom.py | Kiwoom-trdata_slot-0207 I DEBUG    > 종목코드: 028260 - 종목명: 삼성물산                                 - 보유수량: 000000000000010 - 매입가:000000000118000 - 수익률: -00000000.95 - 현재가: 000000118000
[2020-08-26 00:35:34,732] I kiwoom.py | Kiwoom-trdata_slot-0207 I DEBUG    > 종목코드: 034730 - 종목명: SK                                       - 보유수량: 000000000000010 - 매입가:000000000291500 - 수익률: -00000024.65 - 현재가: 000000222000
[2020-08-26 00:35:34,733] I kiwoom.py | Kiwoom-trdata_slot-0207 I DEBUG    > 종목코드: 035420 - 종목명: NAVER                                    - 보유수량: 000000000000010 - 매입가:000000000267500 - 수익률: 000000020.42 - 현재가: 000000325000
[2020-08-26 00:35:34,733] I kiwoom.py | Kiwoom-trdata_slot-0230 I DEBUG    > sPreNext : 2
[2020-08-26 00:35:34,795] I kiwoom.py | Kiwoom-msg_slot-0808 I DEBUG    > 스크린: 2000, 요청이름: 계좌평가잔고내역요청, tr코드: opw00018 --- [00Z310] 모의투자 조회가 완료되었습니다
[2020-08-26 00:35:34,797] I kiwoom.py | Kiwoom-trdata_slot-0190 I DEBUG    > 계좌평가잔고내역요청 싱글데이터 : 000000082279350 - 000000011490523 - 000000013.97
[2020-08-26 00:35:34,798] I kiwoom.py | Kiwoom-trdata_slot-0207 I DEBUG    > 종목코드: 035720 - 종목명: 카카오                                   - 보유수량: 000000000000020 - 매입가:000000000272000 - 수익률: 000000038.88 - 현재가: 000000381000
[2020-08-26 00:35:34,802] I kiwoom.py | Kiwoom-trdata_slot-0207 I DEBUG    > 종목코드: 036570 - 종목명: 엔씨소프트                               - 보유수량: 000000000000010 - 매입가:000000000913000 - 수익률: -00000010.42 - 현재가: 000000826000
[2020-08-26 00:35:34,803] I kiwoom.py | Kiwoom-trdata_slot-0207 I DEBUG    > 종목코드: 051900 - 종목명: LG생활건강                               - 보유수량: 000000000000010 - 매입가:000000001303200 - 수익률: 000000017.04 - 현재가: 000001539000
[2020-08-26 00:35:34,804] I kiwoom.py | Kiwoom-trdata_slot-0207 I DEBUG    > 종목코드: 051910 - 종목명: LG화학                                   - 보유수량: 000000000000010 - 매입가:000000000495000 - 수익률: 000000042.83 - 현재가: 000000713000
[2020-08-26 00:35:34,805] I kiwoom.py | Kiwoom-trdata_slot-0207 I DEBUG    > 종목코드: 060250 - 종목명: NHN한국사이버결제                        - 보유수량: 000000000000030 - 매입가:000000000049350 - 수익률: 000000038.43 - 현재가: 000000068900
[2020-08-26 00:35:34,806] I kiwoom.py | Kiwoom-trdata_slot-0207 I DEBUG    > 종목코드: 068270 - 종목명: 셀트리온                                 - 보유수량: 000000000000010 - 매입가:000000000319950 - 수익률: -00000005.13 - 현재가: 000000306500
[2020-08-26 00:35:34,807] I kiwoom.py | Kiwoom-trdata_slot-0207 I DEBUG    > 종목코드: 091990 - 종목명: 셀트리온헬스케어                         - 보유수량: 000000000000010 - 매입가:000000000114200 - 수익률: -00000010.26 - 현재가: 000000103500
[2020-08-26 00:35:34,808] I kiwoom.py | Kiwoom-trdata_slot-0207 I DEBUG    > 종목코드: 096770 - 종목명: SK이노베이션                             - 보유수량: 000000000000010 - 매입가:000000000133500 - 수익률: 000000021.39 - 현재가: 000000163500
[2020-08-26 00:35:34,809] I kiwoom.py | Kiwoom-trdata_slot-0207 I DEBUG    > 종목코드: 139480 - 종목명: 이마트                                   - 보유수량: 000000000000010 - 매입가:000000000105000 - 수익률: 000000012.78 - 현재가: 000000119500
[2020-08-26 00:35:34,810] I kiwoom.py | Kiwoom-trdata_slot-0207 I DEBUG    > 종목코드: 207940 - 종목명: 삼성바이오로직스                         - 보유수량: 000000000000010 - 매입가:000000000800000 - 수익률: 000000000.91 - 현재가: 000000815000
[2020-08-26 00:35:34,816] I kiwoom.py | Kiwoom-trdata_slot-0207 I DEBUG    > 종목코드: 285130 - 종목명: SK케미칼                                 - 보유수량: 000000000000010 - 매입가:000000000123500 - 수익률: 000000234.87 - 현재가: 000000416500
[2020-08-26 00:35:34,817] I kiwoom.py | Kiwoom-trdata_slot-0230 I DEBUG    > sPreNext : 
[2020-08-26 00:35:39,834] I kiwoom.py | Kiwoom-msg_slot-0808 I DEBUG    > 스크린: , 요청이름: , tr코드:  ---  조회가 완료되었습니다.
[2020-08-26 00:38:20,991] I kiwoom.py | Kiwoom-__init__-0020 I DEBUG    > Kiwoom() class start.
[2020-08-26 00:38:46,748] I kiwoom.py | Kiwoom-login_slot-0119 I DEBUG    > 정상처리
[2020-08-26 00:38:46,748] I kiwoom.py | Kiwoom-get_account_info-0130 I DEBUG    > 계좌번호 : 8138795411
[2020-08-26 00:38:48,960] I kiwoom.py | Kiwoom-msg_slot-0808 I DEBUG    > 스크린: 2000, 요청이름: 예수금상세현황요청, tr코드: opw00001 --- [00Z310] 모의투자 조회가 완료되었습니다
[2020-08-26 00:38:48,962] I kiwoom.py | Kiwoom-trdata_slot-0175 I DEBUG    > 예수금 : 17432770
[2020-08-26 00:38:49,075] I kiwoom.py | Kiwoom-msg_slot-0808 I DEBUG    > 스크린: 2000, 요청이름: 계좌평가잔고내역요청, tr코드: opw00018 --- [00Z312] 모의투자 조회가 계속됩니다. 계속조회시 다음키를 누르십시오
[2020-08-26 00:38:49,078] I kiwoom.py | Kiwoom-trdata_slot-0190 I DEBUG    > 계좌평가잔고내역요청 싱글데이터 : 000000082279350 - 000000011490523 - 000000013.97
[2020-08-26 00:38:49,079] I kiwoom.py | Kiwoom-trdata_slot-0207 I DEBUG    > 종목코드: 000080 - 종목명: 하이트진로                               - 보유수량: 000000000000010 - 매입가:000000000044055 - 수익률: -00000012.35 - 현재가: 000000039000
[2020-08-26 00:38:49,080] I kiwoom.py | Kiwoom-trdata_slot-0207 I DEBUG    > 종목코드: 000660 - 종목명: SK하이닉스                               - 보유수량: 000000000000010 - 매입가:000000000085000 - 수익률: -00000010.30 - 현재가: 000000077000
[2020-08-26 00:38:49,081] I kiwoom.py | Kiwoom-trdata_slot-0207 I DEBUG    > 종목코드: 003000 - 종목명: 부광약품                                 - 보유수량: 000000000000010 - 매입가:000000000034305 - 수익률: 000000010.05 - 현재가: 000000038100
[2020-08-26 00:38:49,082] I kiwoom.py | Kiwoom-trdata_slot-0207 I DEBUG    > 종목코드: 003490 - 종목명: 대한항공                                 - 보유수량: 000000000000020 - 매입가:000000000017450 - 수익률: 000000003.32 - 현재가: 000000018200
[2020-08-26 00:38:49,083] I kiwoom.py | Kiwoom-trdata_slot-0207 I DEBUG    > 종목코드: 004370 - 종목명: 농심                                     - 보유수량: 000000000000010 - 매입가:000000000376500 - 수익률: -00000004.91 - 현재가: 000000361500
[2020-08-26 00:38:49,085] I kiwoom.py | Kiwoom-trdata_slot-0207 I DEBUG    > 종목코드: 005360 - 종목명: 모나미                                   - 보유수량: 000000000000010 - 매입가:000000000005390 - 수익률: 000000025.82 - 현재가: 000000006840
[2020-08-26 00:38:49,087] I kiwoom.py | Kiwoom-trdata_slot-0207 I DEBUG    > 종목코드: 005380 - 종목명: 현대차                                   - 보유수량: 000000000000020 - 매입가:000000000098150 - 수익률: 000000067.76 - 현재가: 000000166000
[2020-08-26 00:38:49,088] I kiwoom.py | Kiwoom-trdata_slot-0207 I DEBUG    > 종목코드: 005490 - 종목명: POSCO                                    - 보유수량: 000000000000020 - 매입가:000000000177250 - 수익률: 000000012.09 - 현재가: 000000200500
[2020-08-26 00:38:49,089] I kiwoom.py | Kiwoom-trdata_slot-0207 I DEBUG    > 종목코드: 005690 - 종목명: 파미셀                                   - 보유수량: 000000000000011 - 매입가:000000000018750 - 수익률: 000000018.14 - 현재가: 000000022350
[2020-08-26 00:38:49,091] I kiwoom.py | Kiwoom-trdata_slot-0207 I DEBUG    > 종목코드: 005930 - 종목명: 삼성전자                                 - 보유수량: 000000000000100 - 매입가:000000000053000 - 수익률: 000000005.43 - 현재가: 000000056400
[2020-08-26 00:38:49,096] I kiwoom.py | Kiwoom-trdata_slot-0207 I DEBUG    > 종목코드: 007570 - 종목명: 일양약품                                 - 보유수량: 000000000000010 - 매입가:000000000064300 - 수익률: 000000021.62 - 현재가: 000000078900
[2020-08-26 00:38:49,098] I kiwoom.py | Kiwoom-trdata_slot-0207 I DEBUG    > 종목코드: 008770 - 종목명: 호텔신라                                 - 보유수량: 000000000000010 - 매입가:000000000066800 - 수익률: 000000006.19 - 현재가: 000000071600
[2020-08-26 00:38:49,099] I kiwoom.py | Kiwoom-trdata_slot-0207 I DEBUG    > 종목코드: 009150 - 종목명: 삼성전기                                 - 보유수량: 000000000000010 - 매입가:000000000130000 - 수익률: -00000000.57 - 현재가: 000000130500
[2020-08-26 00:38:49,101] I kiwoom.py | Kiwoom-trdata_slot-0207 I DEBUG    > 종목코드: 012330 - 종목명: 현대모비스                               - 보유수량: 000000000000010 - 매입가:000000000192650 - 수익률: 000000012.90 - 현재가: 000000219500
[2020-08-26 00:38:49,103] I kiwoom.py | Kiwoom-trdata_slot-0207 I DEBUG    > 종목코드: 017670 - 종목명: SK텔레콤                                 - 보유수량: 000000000000010 - 매입가:000000000206000 - 수익률: 000000019.07 - 현재가: 000000247500
[2020-08-26 00:38:49,105] I kiwoom.py | Kiwoom-trdata_slot-0207 I DEBUG    > 종목코드: 018260 - 종목명: 삼성에스디에스                           - 보유수량: 000000000000012 - 매입가:000000000172000 - 수익률: -00000007.02 - 현재가: 000000161500
[2020-08-26 00:38:49,106] I kiwoom.py | Kiwoom-trdata_slot-0207 I DEBUG    > 종목코드: 020560 - 종목명: 아시아나항공                             - 보유수량: 000000000000010 - 매입가:000000000003810 - 수익률: 000000007.03 - 현재가: 000000004115
[2020-08-26 00:38:49,111] I kiwoom.py | Kiwoom-trdata_slot-0207 I DEBUG    > 종목코드: 028260 - 종목명: 삼성물산                                 - 보유수량: 000000000000010 - 매입가:000000000118000 - 수익률: -00000000.95 - 현재가: 000000118000
[2020-08-26 00:38:49,114] I kiwoom.py | Kiwoom-trdata_slot-0207 I DEBUG    > 종목코드: 034730 - 종목명: SK                                       - 보유수량: 000000000000010 - 매입가:000000000291500 - 수익률: -00000024.65 - 현재가: 000000222000
[2020-08-26 00:38:49,116] I kiwoom.py | Kiwoom-trdata_slot-0207 I DEBUG    > 종목코드: 035420 - 종목명: NAVER                                    - 보유수량: 000000000000010 - 매입가:000000000267500 - 수익률: 000000020.42 - 현재가: 000000325000
[2020-08-26 00:38:49,116] I kiwoom.py | Kiwoom-trdata_slot-0230 I DEBUG    > sPreNext : 2
[2020-08-26 00:38:49,185] I kiwoom.py | Kiwoom-msg_slot-0808 I DEBUG    > 스크린: 2000, 요청이름: 계좌평가잔고내역요청, tr코드: opw00018 --- [00Z310] 모의투자 조회가 완료되었습니다
[2020-08-26 00:38:49,190] I kiwoom.py | Kiwoom-trdata_slot-0190 I DEBUG    > 계좌평가잔고내역요청 싱글데이터 : 000000082279350 - 000000011490523 - 000000013.97
[2020-08-26 00:38:49,192] I kiwoom.py | Kiwoom-trdata_slot-0207 I DEBUG    > 종목코드: 035720 - 종목명: 카카오                                   - 보유수량: 000000000000020 - 매입가:000000000272000 - 수익률: 000000038.88 - 현재가: 000000381000
[2020-08-26 00:38:49,197] I kiwoom.py | Kiwoom-trdata_slot-0207 I DEBUG    > 종목코드: 036570 - 종목명: 엔씨소프트                               - 보유수량: 000000000000010 - 매입가:000000000913000 - 수익률: -00000010.42 - 현재가: 000000826000
[2020-08-26 00:38:49,199] I kiwoom.py | Kiwoom-trdata_slot-0207 I DEBUG    > 종목코드: 051900 - 종목명: LG생활건강                               - 보유수량: 000000000000010 - 매입가:000000001303200 - 수익률: 000000017.04 - 현재가: 000001539000
[2020-08-26 00:38:49,202] I kiwoom.py | Kiwoom-trdata_slot-0207 I DEBUG    > 종목코드: 051910 - 종목명: LG화학                                   - 보유수량: 000000000000010 - 매입가:000000000495000 - 수익률: 000000042.83 - 현재가: 000000713000
[2020-08-26 00:38:49,208] I kiwoom.py | Kiwoom-trdata_slot-0207 I DEBUG    > 종목코드: 060250 - 종목명: NHN한국사이버결제                        - 보유수량: 000000000000030 - 매입가:000000000049350 - 수익률: 000000038.43 - 현재가: 000000068900
[2020-08-26 00:38:49,212] I kiwoom.py | Kiwoom-trdata_slot-0207 I DEBUG    > 종목코드: 068270 - 종목명: 셀트리온                                 - 보유수량: 000000000000010 - 매입가:000000000319950 - 수익률: -00000005.13 - 현재가: 000000306500
[2020-08-26 00:38:49,215] I kiwoom.py | Kiwoom-trdata_slot-0207 I DEBUG    > 종목코드: 091990 - 종목명: 셀트리온헬스케어                         - 보유수량: 000000000000010 - 매입가:000000000114200 - 수익률: -00000010.26 - 현재가: 000000103500
[2020-08-26 00:38:49,221] I kiwoom.py | Kiwoom-trdata_slot-0207 I DEBUG    > 종목코드: 096770 - 종목명: SK이노베이션                             - 보유수량: 000000000000010 - 매입가:000000000133500 - 수익률: 000000021.39 - 현재가: 000000163500
[2020-08-26 00:38:49,225] I kiwoom.py | Kiwoom-trdata_slot-0207 I DEBUG    > 종목코드: 139480 - 종목명: 이마트                                   - 보유수량: 000000000000010 - 매입가:000000000105000 - 수익률: 000000012.78 - 현재가: 000000119500
[2020-08-26 00:38:49,228] I kiwoom.py | Kiwoom-trdata_slot-0207 I DEBUG    > 종목코드: 207940 - 종목명: 삼성바이오로직스                         - 보유수량: 000000000000010 - 매입가:000000000800000 - 수익률: 000000000.91 - 현재가: 000000815000
[2020-08-26 00:38:49,232] I kiwoom.py | Kiwoom-trdata_slot-0207 I DEBUG    > 종목코드: 285130 - 종목명: SK케미칼                                 - 보유수량: 000000000000010 - 매입가:000000000123500 - 수익률: 000000234.87 - 현재가: 000000416500
[2020-08-26 00:38:49,237] I kiwoom.py | Kiwoom-trdata_slot-0230 I DEBUG    > sPreNext : 
[2020-08-26 00:38:54,274] I kiwoom.py | Kiwoom-msg_slot-0808 I DEBUG    > 스크린: , 요청이름: , tr코드:  ---  조회가 완료되었습니다.
